app/build/intermediates/manifest_merge_blame_file/debug/manifest-merger-blame-debug-report.txt
1<?xml version="1.0" encoding="utf-8"?>
2<manifest xmlns:android="http://schemas.android.com/apk/res/android"
3    package="com.buzz.vpn"
4    android:versionCode="37"
5    android:versionName="2.8.2000" >
6
7    <uses-sdk
8        android:minSdkVersion="21"
8-->src/main/AndroidManifest.xml
9        android:targetSdkVersion="28" />
9-->src/main/AndroidManifest.xml
10
11    <uses-permission android:name="android.permission.INTERNET" />
11-->src/main/AndroidManifest.xml:6:5-67
11-->src/main/AndroidManifest.xml:6:22-64
12    <uses-permission android:name="android.permission.ACCESS_NETWORK_STATE" />
12-->src/main/AndroidManifest.xml:7:5-79
12-->src/main/AndroidManifest.xml:7:22-76
13    <uses-permission android:name="android.permission.FOREGROUND_SERVICE" />
13-->src/main/AndroidManifest.xml:8:5-77
13-->src/main/AndroidManifest.xml:8:22-74
14
15    <supports-screens
15-->src/main/AndroidManifest.xml:10:5-16:40
16        android:anyDensity="true"
16-->src/main/AndroidManifest.xml:11:9-34
17        android:largeScreens="true"
17-->src/main/AndroidManifest.xml:12:9-36
18        android:normalScreens="true"
18-->src/main/AndroidManifest.xml:13:9-37
19        android:resizeable="true"
19-->src/main/AndroidManifest.xml:14:9-34
20        android:smallScreens="true"
20-->src/main/AndroidManifest.xml:15:9-36
21        android:xlargeScreens="true" />
21-->src/main/AndroidManifest.xml:16:9-37
22
23    <uses-permission android:name="android.permission.WAKE_LOCK" />
23-->[com.google.android.gms:play-services-measurement-api:20.1.1] AndroidManifest.xml:24:5-68
23-->[com.google.android.gms:play-services-measurement-api:20.1.1] AndroidManifest.xml:24:22-65
24    <uses-permission android:name="com.google.android.gms.permission.AD_ID" />
24-->[com.google.android.gms:play-services-measurement-api:20.1.1] AndroidManifest.xml:25:5-79
24-->[com.google.android.gms:play-services-measurement-api:20.1.1] AndroidManifest.xml:25:22-76
25    <uses-permission android:name="com.google.android.finsky.permission.BIND_GET_INSTALL_REFERRER_SERVICE" />
25-->[com.google.android.gms:play-services-measurement:20.1.1] AndroidManifest.xml:26:5-110
25-->[com.google.android.gms:play-services-measurement:20.1.1] AndroidManifest.xml:26:22-107
26
27    <application
27-->src/main/AndroidManifest.xml:18:5-88:19
28        android:name="de.blinkt.openvpn.core.App"
28-->src/main/AndroidManifest.xml:19:9-50
29        android:allowBackup="false"
29-->src/main/AndroidManifest.xml:20:9-36
30        android:appComponentFactory="androidx.core.app.CoreComponentFactory"
30-->[androidx.core:core:1.3.0] AndroidManifest.xml:24:18-86
31        android:debuggable="true"
32        android:icon="@drawable/shield_main"
32-->src/main/AndroidManifest.xml:21:9-45
33        android:label="@string/app_name"
33-->src/main/AndroidManifest.xml:22:9-41
34        android:supportsRtl="false"
34-->src/main/AndroidManifest.xml:23:9-36
35        android:testOnly="true"
36        android:theme="@style/AppTheme" >
36-->src/main/AndroidManifest.xml:24:9-40
37        <activity
37-->src/main/AndroidManifest.xml:25:9-27:40
38            android:name="com.buzz.vpn.homeOff"
38-->src/main/AndroidManifest.xml:26:13-36
39            android:exported="false" />
39-->src/main/AndroidManifest.xml:27:13-37
40        <activity
40-->src/main/AndroidManifest.xml:28:9-30:40
41            android:name="com.buzz.vpn.userLogin_activity"
41-->src/main/AndroidManifest.xml:29:13-47
42            android:exported="false" />
42-->src/main/AndroidManifest.xml:30:13-37
43        <activity
43-->src/main/AndroidManifest.xml:31:9-33:40
44            android:name="com.buzz.vpn.learning"
44-->src/main/AndroidManifest.xml:32:13-37
45            android:exported="false" />
45-->src/main/AndroidManifest.xml:33:13-37
46        <activity
46-->src/main/AndroidManifest.xml:34:9-36:40
47            android:name="com.buzz.vpn.blockedAdds"
47-->src/main/AndroidManifest.xml:35:13-40
48            android:exported="false" />
48-->src/main/AndroidManifest.xml:36:13-37
49        <activity
49-->src/main/AndroidManifest.xml:37:9-39:40
50            android:name="com.buzz.vpn.landing_page"
50-->src/main/AndroidManifest.xml:38:13-41
51            android:exported="false" />
51-->src/main/AndroidManifest.xml:39:13-37
52        <activity
52-->src/main/AndroidManifest.xml:40:9-42:40
53            android:name="com.buzz.vpn.quiz"
53-->src/main/AndroidManifest.xml:41:13-33
54            android:exported="false" />
54-->src/main/AndroidManifest.xml:42:13-37
55        <activity
55-->src/main/AndroidManifest.xml:43:9-51:20
56            android:name="com.buzz.vpn.home"
56-->src/main/AndroidManifest.xml:44:13-33
57            android:exported="true" >
57-->src/main/AndroidManifest.xml:45:13-36
58            <intent-filter>
58-->src/main/AndroidManifest.xml:46:13-50:29
59                <action android:name="android.intent.action.MAIN" />
59-->src/main/AndroidManifest.xml:47:17-69
59-->src/main/AndroidManifest.xml:47:25-66
60
61                <category android:name="android.intent.category.LAUNCHER" />
61-->src/main/AndroidManifest.xml:49:17-77
61-->src/main/AndroidManifest.xml:49:27-74
62            </intent-filter>
63        </activity>
64        <activity
64-->src/main/AndroidManifest.xml:52:9-70:20
65            android:name="com.buzz.vpn.MainActivity"
65-->src/main/AndroidManifest.xml:53:13-41
66            android:launchMode="singleTop"
66-->src/main/AndroidManifest.xml:54:13-43
67            android:screenOrientation="portrait" >
67-->src/main/AndroidManifest.xml:55:13-49
68            <intent-filter>
68-->src/main/AndroidManifest.xml:56:13-58:29
69                <category android:name="android.intent.category.LAUNCHER" />
69-->src/main/AndroidManifest.xml:49:17-77
69-->src/main/AndroidManifest.xml:49:27-74
70            </intent-filter>
71            <intent-filter android:label="@string/app_name" >
71-->src/main/AndroidManifest.xml:59:13-69:29
71-->src/main/AndroidManifest.xml:59:28-60
72                <action android:name="android.intent.action.VIEW" />
72-->src/main/AndroidManifest.xml:60:17-69
72-->src/main/AndroidManifest.xml:60:25-66
73
74                <category android:name="android.intent.category.DEFAULT" />
74-->src/main/AndroidManifest.xml:62:17-76
74-->src/main/AndroidManifest.xml:62:27-73
75                <category android:name="android.intent.category.BROWSABLE" />
75-->src/main/AndroidManifest.xml:63:17-78
75-->src/main/AndroidManifest.xml:63:27-75
76
77                <data
77-->src/main/AndroidManifest.xml:65:17-68:45
78                    android:host="gayanvoice.github.com"
78-->src/main/AndroidManifest.xml:66:21-57
79                    android:pathPrefix="/"
79-->src/main/AndroidManifest.xml:67:21-43
80                    android:scheme="http" />
80-->src/main/AndroidManifest.xml:68:21-42
81            </intent-filter>
82        </activity>
83        <activity
83-->src/main/AndroidManifest.xml:71:9-81:20
84            android:name="de.blinkt.openvpn.LaunchVPN"
84-->src/main/AndroidManifest.xml:72:13-55
85            android:excludeFromRecents="true"
85-->src/main/AndroidManifest.xml:73:13-46
86            android:label="@string/vpn_launch_title" >
86-->src/main/AndroidManifest.xml:74:13-53
87            <intent-filter>
87-->src/main/AndroidManifest.xml:76:13-80:29
88                <action android:name="android.intent.action.MAIN" />
88-->src/main/AndroidManifest.xml:47:17-69
88-->src/main/AndroidManifest.xml:47:25-66
89
90                <category android:name="android.intent.category.DEFAULT" />
90-->src/main/AndroidManifest.xml:62:17-76
90-->src/main/AndroidManifest.xml:62:27-73
91            </intent-filter>
92        </activity>
93        <activity android:name="com.buzz.vpn.ServerActivity" />
93-->src/main/AndroidManifest.xml:82:9-52
93-->src/main/AndroidManifest.xml:82:19-49
94        <activity android:name="com.buzz.vpn.UsageActivity" />
94-->src/main/AndroidManifest.xml:83:9-51
94-->src/main/AndroidManifest.xml:83:19-48
95        <activity android:name="com.buzz.vpn.ContactActivity" />
95-->src/main/AndroidManifest.xml:84:9-53
95-->src/main/AndroidManifest.xml:84:19-50
96        <activity android:name="com.buzz.vpn.WelcomeActivity" />
96-->src/main/AndroidManifest.xml:85:9-53
96-->src/main/AndroidManifest.xml:85:19-50
97        <activity android:name="com.buzz.vpn.FAQActivity" />
97-->src/main/AndroidManifest.xml:86:9-49
97-->src/main/AndroidManifest.xml:86:19-46
98        <activity android:name="com.buzz.vpn.ReviewActivity" />
98-->src/main/AndroidManifest.xml:87:9-52
98-->src/main/AndroidManifest.xml:87:19-49
99        <activity
99-->[com.google.firebase:firebase-auth:21.0.2] AndroidManifest.xml:27:9-44:20
100            android:name="com.google.firebase.auth.internal.GenericIdpActivity"
100-->[com.google.firebase:firebase-auth:21.0.2] AndroidManifest.xml:28:13-80
101            android:excludeFromRecents="true"
101-->[com.google.firebase:firebase-auth:21.0.2] AndroidManifest.xml:29:13-46
102            android:exported="true"
102-->[com.google.firebase:firebase-auth:21.0.2] AndroidManifest.xml:30:13-36
103            android:launchMode="singleTask"
103-->[com.google.firebase:firebase-auth:21.0.2] AndroidManifest.xml:31:13-44
104            android:theme="@android:style/Theme.Translucent.NoTitleBar" >
104-->[com.google.firebase:firebase-auth:21.0.2] AndroidManifest.xml:32:13-72
105            <intent-filter>
105-->[com.google.firebase:firebase-auth:21.0.2] AndroidManifest.xml:33:13-43:29
106                <action android:name="android.intent.action.VIEW" />
106-->src/main/AndroidManifest.xml:60:17-69
106-->src/main/AndroidManifest.xml:60:25-66
107
108                <category android:name="android.intent.category.DEFAULT" />
108-->src/main/AndroidManifest.xml:62:17-76
108-->src/main/AndroidManifest.xml:62:27-73
109                <category android:name="android.intent.category.BROWSABLE" />
109-->src/main/AndroidManifest.xml:63:17-78
109-->src/main/AndroidManifest.xml:63:27-75
110
111                <data
111-->src/main/AndroidManifest.xml:65:17-68:45
112                    android:host="firebase.auth"
112-->src/main/AndroidManifest.xml:66:21-57
113                    android:path="/"
114                    android:scheme="genericidp" />
114-->src/main/AndroidManifest.xml:68:21-42
115            </intent-filter>
116        </activity>
117        <activity
117-->[com.google.firebase:firebase-auth:21.0.2] AndroidManifest.xml:45:9-62:20
118            android:name="com.google.firebase.auth.internal.RecaptchaActivity"
118-->[com.google.firebase:firebase-auth:21.0.2] AndroidManifest.xml:46:13-79
119            android:excludeFromRecents="true"
119-->[com.google.firebase:firebase-auth:21.0.2] AndroidManifest.xml:47:13-46
120            android:exported="true"
120-->[com.google.firebase:firebase-auth:21.0.2] AndroidManifest.xml:48:13-36
121            android:launchMode="singleTask"
121-->[com.google.firebase:firebase-auth:21.0.2] AndroidManifest.xml:49:13-44
122            android:theme="@android:style/Theme.Translucent.NoTitleBar" >
122-->[com.google.firebase:firebase-auth:21.0.2] AndroidManifest.xml:50:13-72
123            <intent-filter>
123-->[com.google.firebase:firebase-auth:21.0.2] AndroidManifest.xml:51:13-61:29
124                <action android:name="android.intent.action.VIEW" />
124-->src/main/AndroidManifest.xml:60:17-69
124-->src/main/AndroidManifest.xml:60:25-66
125
126                <category android:name="android.intent.category.DEFAULT" />
126-->src/main/AndroidManifest.xml:62:17-76
126-->src/main/AndroidManifest.xml:62:27-73
127                <category android:name="android.intent.category.BROWSABLE" />
127-->src/main/AndroidManifest.xml:63:17-78
127-->src/main/AndroidManifest.xml:63:27-75
128
129                <data
129-->src/main/AndroidManifest.xml:65:17-68:45
130                    android:host="firebase.auth"
130-->src/main/AndroidManifest.xml:66:21-57
131                    android:path="/"
132                    android:scheme="recaptcha" />
132-->src/main/AndroidManifest.xml:68:21-42
133            </intent-filter>
134        </activity>
135
136        <service
136-->[com.google.firebase:firebase-auth:21.0.2] AndroidManifest.xml:64:9-70:19
137            android:name="com.google.firebase.components.ComponentDiscoveryService"
137-->[com.google.firebase:firebase-auth:21.0.2] AndroidManifest.xml:65:13-84
138            android:directBootAware="true"
138-->[com.google.firebase:firebase-common:20.1.0] AndroidManifest.xml:35:13-43
139            android:exported="false" >
139-->[com.google.firebase:firebase-auth:21.0.2] AndroidManifest.xml:66:13-37
140            <meta-data
140-->[com.google.firebase:firebase-auth:21.0.2] AndroidManifest.xml:67:13-69:85
141                android:name="com.google.firebase.components:com.google.firebase.auth.FirebaseAuthRegistrar"
141-->[com.google.firebase:firebase-auth:21.0.2] AndroidManifest.xml:68:17-109
142                android:value="com.google.firebase.components.ComponentRegistrar" />
142-->[com.google.firebase:firebase-auth:21.0.2] AndroidManifest.xml:69:17-82
143            <meta-data
143-->[com.google.firebase:firebase-perf:20.0.6] AndroidManifest.xml:23:13-25:85
144                android:name="com.google.firebase.components:com.google.firebase.perf.FirebasePerfRegistrar"
144-->[com.google.firebase:firebase-perf:20.0.6] AndroidManifest.xml:24:17-109
145                android:value="com.google.firebase.components.ComponentRegistrar" />
145-->[com.google.firebase:firebase-perf:20.0.6] AndroidManifest.xml:25:17-82
146            <meta-data
146-->[com.google.firebase:firebase-config:21.0.2] AndroidManifest.xml:32:13-34:85
147                android:name="com.google.firebase.components:com.google.firebase.remoteconfig.RemoteConfigRegistrar"
147-->[com.google.firebase:firebase-config:21.0.2] AndroidManifest.xml:33:17-117
148                android:value="com.google.firebase.components.ComponentRegistrar" />
148-->[com.google.firebase:firebase-config:21.0.2] AndroidManifest.xml:34:17-82
149            <meta-data
149-->[com.google.android.gms:play-services-measurement-api:20.1.1] AndroidManifest.xml:31:13-33:85
150                android:name="com.google.firebase.components:com.google.firebase.analytics.connector.internal.AnalyticsConnectorRegistrar"
150-->[com.google.android.gms:play-services-measurement-api:20.1.1] AndroidManifest.xml:32:17-139
151                android:value="com.google.firebase.components.ComponentRegistrar" />
151-->[com.google.android.gms:play-services-measurement-api:20.1.1] AndroidManifest.xml:33:17-82
152            <meta-data
152-->[com.google.firebase:firebase-installations:17.0.1] AndroidManifest.xml:18:13-20:85
153                android:name="com.google.firebase.components:com.google.firebase.installations.FirebaseInstallationsRegistrar"
153-->[com.google.firebase:firebase-installations:17.0.1] AndroidManifest.xml:19:17-127
154                android:value="com.google.firebase.components.ComponentRegistrar" />
154-->[com.google.firebase:firebase-installations:17.0.1] AndroidManifest.xml:20:17-82
155            <meta-data
155-->[com.google.firebase:firebase-datatransport:18.1.1] AndroidManifest.xml:28:13-30:85
156                android:name="com.google.firebase.components:com.google.firebase.datatransport.TransportRegistrar"
156-->[com.google.firebase:firebase-datatransport:18.1.1] AndroidManifest.xml:29:17-115
157                android:value="com.google.firebase.components.ComponentRegistrar" />
157-->[com.google.firebase:firebase-datatransport:18.1.1] AndroidManifest.xml:30:17-82
158            <meta-data
158-->[com.google.firebase:firebase-abt:21.0.1] AndroidManifest.xml:13:13-15:85
159                android:name="com.google.firebase.components:com.google.firebase.abt.component.AbtRegistrar"
159-->[com.google.firebase:firebase-abt:21.0.1] AndroidManifest.xml:14:17-109
160                android:value="com.google.firebase.components.ComponentRegistrar" />
160-->[com.google.firebase:firebase-abt:21.0.1] AndroidManifest.xml:15:17-82
161        </service>
162
163        <provider
163-->[com.google.firebase:firebase-perf:20.0.6] AndroidManifest.xml:14:9-18:39
164            android:name="com.google.firebase.perf.provider.FirebasePerfProvider"
164-->[com.google.firebase:firebase-perf:20.0.6] AndroidManifest.xml:15:13-82
165            android:authorities="com.buzz.vpn.firebaseperfprovider"
165-->[com.google.firebase:firebase-perf:20.0.6] AndroidManifest.xml:16:13-72
166            android:exported="false"
166-->[com.google.firebase:firebase-perf:20.0.6] AndroidManifest.xml:17:13-37
167            android:initOrder="101" />
167-->[com.google.firebase:firebase-perf:20.0.6] AndroidManifest.xml:18:13-36
168        <provider
168-->[com.google.firebase:firebase-common:20.1.0] AndroidManifest.xml:26:9-31:39
169            android:name="com.google.firebase.provider.FirebaseInitProvider"
169-->[com.google.firebase:firebase-common:20.1.0] AndroidManifest.xml:27:13-77
170            android:authorities="com.buzz.vpn.firebaseinitprovider"
170-->[com.google.firebase:firebase-common:20.1.0] AndroidManifest.xml:28:13-72
171            android:directBootAware="true"
171-->[com.google.firebase:firebase-common:20.1.0] AndroidManifest.xml:29:13-43
172            android:exported="false"
172-->[com.google.firebase:firebase-common:20.1.0] AndroidManifest.xml:30:13-37
173            android:initOrder="100" />
173-->[com.google.firebase:firebase-common:20.1.0] AndroidManifest.xml:31:13-36
174
175        <activity
175-->[com.google.android.gms:play-services-base:17.1.0] AndroidManifest.xml:23:9-26:75
176            android:name="com.google.android.gms.common.api.GoogleApiActivity"
176-->[com.google.android.gms:play-services-base:17.1.0] AndroidManifest.xml:24:13-79
177            android:exported="false"
177-->[com.google.android.gms:play-services-base:17.1.0] AndroidManifest.xml:25:13-37
178            android:theme="@android:style/Theme.Translucent.NoTitleBar" />
178-->[com.google.android.gms:play-services-base:17.1.0] AndroidManifest.xml:26:13-72
179
180        <receiver
180-->[com.google.android.gms:play-services-measurement:20.1.1] AndroidManifest.xml:29:9-33:20
181            android:name="com.google.android.gms.measurement.AppMeasurementReceiver"
181-->[com.google.android.gms:play-services-measurement:20.1.1] AndroidManifest.xml:30:13-85
182            android:enabled="true"
182-->[com.google.android.gms:play-services-measurement:20.1.1] AndroidManifest.xml:31:13-35
183            android:exported="false" >
183-->[com.google.android.gms:play-services-measurement:20.1.1] AndroidManifest.xml:32:13-37
184        </receiver>
185
186        <service
186-->[com.google.android.gms:play-services-measurement:20.1.1] AndroidManifest.xml:35:9-38:40
187            android:name="com.google.android.gms.measurement.AppMeasurementService"
187-->[com.google.android.gms:play-services-measurement:20.1.1] AndroidManifest.xml:36:13-84
188            android:enabled="true"
188-->[com.google.android.gms:play-services-measurement:20.1.1] AndroidManifest.xml:37:13-35
189            android:exported="false" />
189-->[com.google.android.gms:play-services-measurement:20.1.1] AndroidManifest.xml:38:13-37
190        <service
190-->[com.google.android.gms:play-services-measurement:20.1.1] AndroidManifest.xml:39:9-43:72
191            android:name="com.google.android.gms.measurement.AppMeasurementJobService"
191-->[com.google.android.gms:play-services-measurement:20.1.1] AndroidManifest.xml:40:13-87
192            android:enabled="true"
192-->[com.google.android.gms:play-services-measurement:20.1.1] AndroidManifest.xml:41:13-35
193            android:exported="false"
193-->[com.google.android.gms:play-services-measurement:20.1.1] AndroidManifest.xml:42:13-37
194            android:permission="android.permission.BIND_JOB_SERVICE" />
194-->[com.google.android.gms:play-services-measurement:20.1.1] AndroidManifest.xml:43:13-69
195
196        <meta-data
196-->[com.google.android.gms:play-services-basement:18.0.0] AndroidManifest.xml:21:9-23:69
197            android:name="com.google.android.gms.version"
197-->[com.google.android.gms:play-services-basement:18.0.0] AndroidManifest.xml:22:13-58
198            android:value="@integer/google_play_services_version" />
198-->[com.google.android.gms:play-services-basement:18.0.0] AndroidManifest.xml:23:13-66
199
200        <service
200-->[com.google.android.datatransport:transport-backend-cct:3.1.1] AndroidManifest.xml:29:9-35:19
201            android:name="com.google.android.datatransport.runtime.backends.TransportBackendDiscovery"
201-->[com.google.android.datatransport:transport-backend-cct:3.1.1] AndroidManifest.xml:30:13-103
202            android:exported="false" >
202-->[com.google.android.datatransport:transport-backend-cct:3.1.1] AndroidManifest.xml:31:13-37
203            <meta-data
203-->[com.google.android.datatransport:transport-backend-cct:3.1.1] AndroidManifest.xml:32:13-34:39
204                android:name="backend:com.google.android.datatransport.cct.CctBackendFactory"
204-->[com.google.android.datatransport:transport-backend-cct:3.1.1] AndroidManifest.xml:33:17-94
205                android:value="cct" />
205-->[com.google.android.datatransport:transport-backend-cct:3.1.1] AndroidManifest.xml:34:17-36
206        </service>
207        <service
207-->[com.google.android.datatransport:transport-runtime:3.1.1] AndroidManifest.xml:26:9-30:19
208            android:name="com.google.android.datatransport.runtime.scheduling.jobscheduling.JobInfoSchedulerService"
208-->[com.google.android.datatransport:transport-runtime:3.1.1] AndroidManifest.xml:27:13-117
209            android:exported="false"
209-->[com.google.android.datatransport:transport-runtime:3.1.1] AndroidManifest.xml:28:13-37
210            android:permission="android.permission.BIND_JOB_SERVICE" >
210-->[com.google.android.datatransport:transport-runtime:3.1.1] AndroidManifest.xml:29:13-69
211        </service>
212
213        <receiver
213-->[com.google.android.datatransport:transport-runtime:3.1.1] AndroidManifest.xml:32:9-34:40
214            android:name="com.google.android.datatransport.runtime.scheduling.jobscheduling.AlarmManagerSchedulerBroadcastReceiver"
214-->[com.google.android.datatransport:transport-runtime:3.1.1] AndroidManifest.xml:33:13-132
215            android:exported="false" />
215-->[com.google.android.datatransport:transport-runtime:3.1.1] AndroidManifest.xml:34:13-37
216    </application>
217
218</manifest>